

Version:	3.10
CmdLine:	C:\Users\AMBASSADOR_CALY\Documents\NetBeansProjects\calculator\dist\calculator.exe --l4j-debug
WOW64:		yes
Working dir:	C:\Users\AMBASSADOR_CALY\Documents\NetBeansProjects\calculator\dist\.
Java min ver:	1.1.0
Java max ver:	
64-bit search:	SOFTWARE\JavaSoft\Java Runtime Environment...
Check:		SOFTWARE\JavaSoft\Java Runtime Environment\1.8
Check launcher:	C:\Program Files\Java\jre1.8.0_31\bin\javaw.exe (OK)
Match:		1.8
Check:		SOFTWARE\JavaSoft\Java Runtime Environment\1.8.0_25
Check launcher:	C:\Program Files\Java\jre1.8.0_25\bin\javaw.exe (OK)
Match:		1.8.0_025
Check:		SOFTWARE\JavaSoft\Java Runtime Environment\1.8.0_31
Check launcher:	C:\Program Files\Java\jre1.8.0_31\bin\javaw.exe (OK)
Match:		1.8.0_031
64-bit search:	SOFTWARE\JavaSoft\Java Development Kit...
Check:		SOFTWARE\JavaSoft\Java Development Kit\1.8
Ignore:		1.8
Check:		SOFTWARE\JavaSoft\Java Development Kit\1.8.0_25
Ignore:		1.8.0_025
Check:		SOFTWARE\JavaSoft\Java Development Kit\1.8.0_31
Ignore:		1.8.0_031
64-bit search:	SOFTWARE\JavaSoft\JRE...
64-bit search:	SOFTWARE\JavaSoft\JDK...
Runtime used:	1.8.0_031 (64-bit)
Launcher:	C:\Program Files\Java\jre1.8.0_31\bin\javaw.exe
Launcher args:	-jar "C:\Users\AMBASSADOR_CALY\Documents\NetBeansProjects\calculator\dist\calculator.exe"
Args length:	89/32768 chars
Exit code:	0


Version:	3.10
CmdLine:	C:\Users\AMBASSADOR_CALY\Documents\NetBeansProjects\calculator\dist\calculator.exe --l4j-debug
WOW64:		yes
Working dir:	C:\Users\AMBASSADOR_CALY\Documents\NetBeansProjects\calculator\dist\.
Java min ver:	1.0.1
Java max ver:	
64-bit search:	SOFTWARE\JavaSoft\Java Runtime Environment...
Check:		SOFTWARE\JavaSoft\Java Runtime Environment\1.8
Check launcher:	C:\Program Files\Java\jre1.8.0_171\bin\javaw.exe (OK)
Match:		1.8
Check:		SOFTWARE\JavaSoft\Java Runtime Environment\1.8.0_171
Check launcher:	C:\Program Files\Java\jre1.8.0_171\bin\javaw.exe (OK)
Match:		1.8.0_171
64-bit search:	SOFTWARE\JavaSoft\Java Development Kit...
Check:		SOFTWARE\JavaSoft\Java Development Kit\1.8
Ignore:		1.8
Check:		SOFTWARE\JavaSoft\Java Development Kit\1.8.0_25
Ignore:		1.8.0_025
Check:		SOFTWARE\JavaSoft\Java Development Kit\1.8.0_31
Ignore:		1.8.0_031
64-bit search:	SOFTWARE\JavaSoft\JRE...
64-bit search:	SOFTWARE\JavaSoft\JDK...
Runtime used:	1.8.0_171 (64-bit)
Launcher:	C:\Program Files\Java\jre1.8.0_171\bin\javaw.exe
Launcher args:	-jar "C:\Users\AMBASSADOR_CALY\Documents\NetBeansProjects\calculator\dist\calculator.exe"
Args length:	89/32768 chars
Exit code:	0
